<?xml version="1.0" encoding="UTF-8"?>
<testsuite xmlns:xsi="http://www.w3.org/2001/XMLSchema-instance" xsi:noNamespaceSchemaLocation="https://maven.apache.org/surefire/maven-surefire-plugin/xsd/surefire-test-report.xsd" name="testredis.RedisTest" time="0.012" tests="1" errors="1" skipped="0" failures="0">
  <properties>
    <property name="sun.desktop" value="windows"/>
    <property name="awt.toolkit" value="sun.awt.windows.WToolkit"/>
    <property name="file.encoding.pkg" value="sun.io"/>
    <property name="java.specification.version" value="1.8"/>
    <property name="sun.cpu.isalist" value="amd64"/>
    <property name="sun.jnu.encoding" value="GBK"/>
    <property name="java.class.path" value="D:\gitXm\Pet\pet_project-main\target\test-classes;D:\gitXm\Pet\pet_project-main\target\classes;D:\Program Files (x86)\Maven\org\springframework\boot\spring-boot-starter-web\2.3.0.RELEASE\spring-boot-starter-web-2.3.0.RELEASE.jar;D:\Program Files (x86)\Maven\org\springframework\boot\spring-boot-starter\2.3.0.RELEASE\spring-boot-starter-2.3.0.RELEASE.jar;D:\Program Files (x86)\Maven\org\springframework\boot\spring-boot-starter-logging\2.3.0.RELEASE\spring-boot-starter-logging-2.3.0.RELEASE.jar;D:\Program Files (x86)\Maven\ch\qos\logback\logback-classic\1.2.3\logback-classic-1.2.3.jar;D:\Program Files (x86)\Maven\ch\qos\logback\logback-core\1.2.3\logback-core-1.2.3.jar;D:\Program Files (x86)\Maven\org\apache\logging\log4j\log4j-to-slf4j\2.13.2\log4j-to-slf4j-2.13.2.jar;D:\Program Files (x86)\Maven\org\apache\logging\log4j\log4j-api\2.13.2\log4j-api-2.13.2.jar;D:\Program Files (x86)\Maven\org\slf4j\jul-to-slf4j\1.7.30\jul-to-slf4j-1.7.30.jar;D:\Program Files (x86)\Maven\jakarta\annotation\jakarta.annotation-api\1.3.5\jakarta.annotation-api-1.3.5.jar;D:\Program Files (x86)\Maven\org\yaml\snakeyaml\1.26\snakeyaml-1.26.jar;D:\Program Files (x86)\Maven\org\springframework\boot\spring-boot-starter-json\2.3.0.RELEASE\spring-boot-starter-json-2.3.0.RELEASE.jar;D:\Program Files (x86)\Maven\com\fasterxml\jackson\core\jackson-databind\2.11.0\jackson-databind-2.11.0.jar;D:\Program Files (x86)\Maven\com\fasterxml\jackson\core\jackson-annotations\2.11.0\jackson-annotations-2.11.0.jar;D:\Program Files (x86)\Maven\com\fasterxml\jackson\core\jackson-core\2.11.0\jackson-core-2.11.0.jar;D:\Program Files (x86)\Maven\com\fasterxml\jackson\datatype\jackson-datatype-jdk8\2.11.0\jackson-datatype-jdk8-2.11.0.jar;D:\Program Files (x86)\Maven\com\fasterxml\jackson\datatype\jackson-datatype-jsr310\2.11.0\jackson-datatype-jsr310-2.11.0.jar;D:\Program Files (x86)\Maven\com\fasterxml\jackson\module\jackson-module-parameter-names\2.11.0\jackson-module-parameter-names-2.11.0.jar;D:\Program Files (x86)\Maven\org\springframework\boot\spring-boot-starter-tomcat\2.3.0.RELEASE\spring-boot-starter-tomcat-2.3.0.RELEASE.jar;D:\Program Files (x86)\Maven\org\apache\tomcat\embed\tomcat-embed-core\9.0.35\tomcat-embed-core-9.0.35.jar;D:\Program Files (x86)\Maven\org\glassfish\jakarta.el\3.0.3\jakarta.el-3.0.3.jar;D:\Program Files (x86)\Maven\org\apache\tomcat\embed\tomcat-embed-websocket\9.0.35\tomcat-embed-websocket-9.0.35.jar;D:\Program Files (x86)\Maven\org\springframework\spring-web\5.2.6.RELEASE\spring-web-5.2.6.RELEASE.jar;D:\Program Files (x86)\Maven\org\springframework\spring-beans\5.2.6.RELEASE\spring-beans-5.2.6.RELEASE.jar;D:\Program Files (x86)\Maven\org\springframework\spring-webmvc\5.2.6.RELEASE\spring-webmvc-5.2.6.RELEASE.jar;D:\Program Files (x86)\Maven\org\springframework\spring-aop\5.2.6.RELEASE\spring-aop-5.2.6.RELEASE.jar;D:\Program Files (x86)\Maven\org\springframework\spring-context\5.2.6.RELEASE\spring-context-5.2.6.RELEASE.jar;D:\Program Files (x86)\Maven\org\springframework\spring-expression\5.2.6.RELEASE\spring-expression-5.2.6.RELEASE.jar;D:\Program Files (x86)\Maven\org\springframework\boot\spring-boot-devtools\2.3.0.RELEASE\spring-boot-devtools-2.3.0.RELEASE.jar;D:\Program Files (x86)\Maven\org\springframework\boot\spring-boot\2.3.0.RELEASE\spring-boot-2.3.0.RELEASE.jar;D:\Program Files (x86)\Maven\org\springframework\boot\spring-boot-autoconfigure\2.3.0.RELEASE\spring-boot-autoconfigure-2.3.0.RELEASE.jar;D:\Program Files (x86)\Maven\org\springframework\boot\spring-boot-configuration-processor\2.3.0.RELEASE\spring-boot-configuration-processor-2.3.0.RELEASE.jar;D:\Program Files (x86)\Maven\org\springframework\boot\spring-boot-starter-test\2.3.0.RELEASE\spring-boot-starter-test-2.3.0.RELEASE.jar;D:\Program Files (x86)\Maven\org\springframework\boot\spring-boot-test\2.3.0.RELEASE\spring-boot-test-2.3.0.RELEASE.jar;D:\Program Files (x86)\Maven\org\springframework\boot\spring-boot-test-autoconfigure\2.3.0.RELEASE\spring-boot-test-autoconfigure-2.3.0.RELEASE.jar;D:\Program Files (x86)\Maven\com\jayway\jsonpath\json-path\2.4.0\json-path-2.4.0.jar;D:\Program Files (x86)\Maven\net\minidev\json-smart\2.3\json-smart-2.3.jar;D:\Program Files (x86)\Maven\net\minidev\accessors-smart\1.2\accessors-smart-1.2.jar;D:\Program Files (x86)\Maven\org\ow2\asm\asm\5.0.4\asm-5.0.4.jar;D:\Program Files (x86)\Maven\jakarta\xml\bind\jakarta.xml.bind-api\2.3.3\jakarta.xml.bind-api-2.3.3.jar;D:\Program Files (x86)\Maven\jakarta\activation\jakarta.activation-api\1.2.2\jakarta.activation-api-1.2.2.jar;D:\Program Files (x86)\Maven\org\assertj\assertj-core\3.16.1\assertj-core-3.16.1.jar;D:\Program Files (x86)\Maven\org\hamcrest\hamcrest\2.2\hamcrest-2.2.jar;D:\Program Files (x86)\Maven\org\junit\jupiter\junit-jupiter\5.6.2\junit-jupiter-5.6.2.jar;D:\Program Files (x86)\Maven\org\junit\jupiter\junit-jupiter-api\5.6.2\junit-jupiter-api-5.6.2.jar;D:\Program Files (x86)\Maven\org\opentest4j\opentest4j\1.2.0\opentest4j-1.2.0.jar;D:\Program Files (x86)\Maven\org\junit\platform\junit-platform-commons\1.6.2\junit-platform-commons-1.6.2.jar;D:\Program Files (x86)\Maven\org\junit\jupiter\junit-jupiter-params\5.6.2\junit-jupiter-params-5.6.2.jar;D:\Program Files (x86)\Maven\org\junit\jupiter\junit-jupiter-engine\5.6.2\junit-jupiter-engine-5.6.2.jar;D:\Program Files (x86)\Maven\org\junit\vintage\junit-vintage-engine\5.6.2\junit-vintage-engine-5.6.2.jar;D:\Program Files (x86)\Maven\org\apiguardian\apiguardian-api\1.1.0\apiguardian-api-1.1.0.jar;D:\Program Files (x86)\Maven\org\junit\platform\junit-platform-engine\1.6.2\junit-platform-engine-1.6.2.jar;D:\Program Files (x86)\Maven\junit\junit\4.13\junit-4.13.jar;D:\Program Files (x86)\Maven\org\mockito\mockito-core\3.3.3\mockito-core-3.3.3.jar;D:\Program Files (x86)\Maven\net\bytebuddy\byte-buddy\1.10.10\byte-buddy-1.10.10.jar;D:\Program Files (x86)\Maven\net\bytebuddy\byte-buddy-agent\1.10.10\byte-buddy-agent-1.10.10.jar;D:\Program Files (x86)\Maven\org\objenesis\objenesis\2.6\objenesis-2.6.jar;D:\Program Files (x86)\Maven\org\mockito\mockito-junit-jupiter\3.3.3\mockito-junit-jupiter-3.3.3.jar;D:\Program Files (x86)\Maven\org\skyscreamer\jsonassert\1.5.0\jsonassert-1.5.0.jar;D:\Program Files (x86)\Maven\com\vaadin\external\google\android-json\0.0.20131108.vaadin1\android-json-0.0.20131108.vaadin1.jar;D:\Program Files (x86)\Maven\org\springframework\spring-core\5.2.6.RELEASE\spring-core-5.2.6.RELEASE.jar;D:\Program Files (x86)\Maven\org\springframework\spring-jcl\5.2.6.RELEASE\spring-jcl-5.2.6.RELEASE.jar;D:\Program Files (x86)\Maven\org\springframework\spring-test\5.2.6.RELEASE\spring-test-5.2.6.RELEASE.jar;D:\Program Files (x86)\Maven\org\xmlunit\xmlunit-core\2.7.0\xmlunit-core-2.7.0.jar;D:\Program Files (x86)\Maven\org\springframework\boot\spring-boot-starter-thymeleaf\2.3.0.RELEASE\spring-boot-starter-thymeleaf-2.3.0.RELEASE.jar;D:\Program Files (x86)\Maven\org\thymeleaf\thymeleaf-spring5\3.0.11.RELEASE\thymeleaf-spring5-3.0.11.RELEASE.jar;D:\Program Files (x86)\Maven\org\thymeleaf\thymeleaf\3.0.11.RELEASE\thymeleaf-3.0.11.RELEASE.jar;D:\Program Files (x86)\Maven\org\attoparser\attoparser\2.0.5.RELEASE\attoparser-2.0.5.RELEASE.jar;D:\Program Files (x86)\Maven\org\unbescape\unbescape\1.1.6.RELEASE\unbescape-1.1.6.RELEASE.jar;D:\Program Files (x86)\Maven\org\thymeleaf\extras\thymeleaf-extras-java8time\3.0.4.RELEASE\thymeleaf-extras-java8time-3.0.4.RELEASE.jar;D:\Program Files (x86)\Maven\org\mybatis\spring\boot\mybatis-spring-boot-starter\2.1.1\mybatis-spring-boot-starter-2.1.1.jar;D:\Program Files (x86)\Maven\org\springframework\boot\spring-boot-starter-jdbc\2.3.0.RELEASE\spring-boot-starter-jdbc-2.3.0.RELEASE.jar;D:\Program Files (x86)\Maven\com\zaxxer\HikariCP\3.4.5\HikariCP-3.4.5.jar;D:\Program Files (x86)\Maven\org\springframework\spring-jdbc\5.2.6.RELEASE\spring-jdbc-5.2.6.RELEASE.jar;D:\Program Files (x86)\Maven\org\mybatis\spring\boot\mybatis-spring-boot-autoconfigure\2.1.1\mybatis-spring-boot-autoconfigure-2.1.1.jar;D:\Program Files (x86)\Maven\org\mybatis\mybatis\3.5.3\mybatis-3.5.3.jar;D:\Program Files (x86)\Maven\org\mybatis\mybatis-spring\2.0.3\mybatis-spring-2.0.3.jar;D:\Program Files (x86)\Maven\mysql\mysql-connector-java\8.0.20\mysql-connector-java-8.0.20.jar;D:\Program Files (x86)\Maven\org\projectlombok\lombok\1.18.10\lombok-1.18.10.jar;D:\Program Files (x86)\Maven\io\springfox\springfox-boot-starter\3.0.0\springfox-boot-starter-3.0.0.jar;D:\Program Files (x86)\Maven\io\springfox\springfox-oas\3.0.0\springfox-oas-3.0.0.jar;D:\Program Files (x86)\Maven\io\swagger\core\v3\swagger-annotations\2.1.2\swagger-annotations-2.1.2.jar;D:\Program Files (x86)\Maven\io\swagger\core\v3\swagger-models\2.1.2\swagger-models-2.1.2.jar;D:\Program Files (x86)\Maven\io\springfox\springfox-spi\3.0.0\springfox-spi-3.0.0.jar;D:\Program Files (x86)\Maven\io\springfox\springfox-schema\3.0.0\springfox-schema-3.0.0.jar;D:\Program Files (x86)\Maven\io\springfox\springfox-core\3.0.0\springfox-core-3.0.0.jar;D:\Program Files (x86)\Maven\io\springfox\springfox-spring-web\3.0.0\springfox-spring-web-3.0.0.jar;D:\Program Files (x86)\Maven\io\github\classgraph\classgraph\4.8.83\classgraph-4.8.83.jar;D:\Program Files (x86)\Maven\io\springfox\springfox-spring-webmvc\3.0.0\springfox-spring-webmvc-3.0.0.jar;D:\Program Files (x86)\Maven\io\springfox\springfox-spring-webflux\3.0.0\springfox-spring-webflux-3.0.0.jar;D:\Program Files (x86)\Maven\io\springfox\springfox-swagger-common\3.0.0\springfox-swagger-common-3.0.0.jar;D:\Program Files (x86)\Maven\org\mapstruct\mapstruct\1.3.1.Final\mapstruct-1.3.1.Final.jar;D:\Program Files (x86)\Maven\io\springfox\springfox-data-rest\3.0.0\springfox-data-rest-3.0.0.jar;D:\Program Files (x86)\Maven\io\springfox\springfox-bean-validators\3.0.0\springfox-bean-validators-3.0.0.jar;D:\Program Files (x86)\Maven\io\springfox\springfox-swagger2\3.0.0\springfox-swagger2-3.0.0.jar;D:\Program Files (x86)\Maven\io\swagger\swagger-annotations\1.5.20\swagger-annotations-1.5.20.jar;D:\Program Files (x86)\Maven\io\swagger\swagger-models\1.5.20\swagger-models-1.5.20.jar;D:\Program Files (x86)\Maven\io\springfox\springfox-swagger-ui\3.0.0\springfox-swagger-ui-3.0.0.jar;D:\Program Files (x86)\Maven\com\fasterxml\classmate\1.5.1\classmate-1.5.1.jar;D:\Program Files (x86)\Maven\org\slf4j\slf4j-api\1.7.30\slf4j-api-1.7.30.jar;D:\Program Files (x86)\Maven\org\springframework\plugin\spring-plugin-core\2.0.0.RELEASE\spring-plugin-core-2.0.0.RELEASE.jar;D:\Program Files (x86)\Maven\org\springframework\plugin\spring-plugin-metadata\2.0.0.RELEASE\spring-plugin-metadata-2.0.0.RELEASE.jar;D:\Program Files (x86)\Maven\redis\clients\jedis\4.3.1\jedis-4.3.1.jar;D:\Program Files (x86)\Maven\org\json\json\20220320\json-20220320.jar;D:\Program Files (x86)\Maven\com\google\code\gson\gson\2.8.6\gson-2.8.6.jar;D:\Program Files (x86)\Maven\org\apache\commons\commons-pool2\2.11.1\commons-pool2-2.11.1.jar;D:\Program Files (x86)\Maven\org\springframework\boot\spring-boot-starter-data-redis\2.3.0.RELEASE\spring-boot-starter-data-redis-2.3.0.RELEASE.jar;D:\Program Files (x86)\Maven\org\springframework\data\spring-data-redis\2.3.0.RELEASE\spring-data-redis-2.3.0.RELEASE.jar;D:\Program Files (x86)\Maven\org\springframework\data\spring-data-keyvalue\2.3.0.RELEASE\spring-data-keyvalue-2.3.0.RELEASE.jar;D:\Program Files (x86)\Maven\org\springframework\data\spring-data-commons\2.3.0.RELEASE\spring-data-commons-2.3.0.RELEASE.jar;D:\Program Files (x86)\Maven\org\springframework\spring-tx\5.2.6.RELEASE\spring-tx-5.2.6.RELEASE.jar;D:\Program Files (x86)\Maven\org\springframework\spring-oxm\5.2.6.RELEASE\spring-oxm-5.2.6.RELEASE.jar;D:\Program Files (x86)\Maven\org\springframework\spring-context-support\5.2.6.RELEASE\spring-context-support-5.2.6.RELEASE.jar;D:\Program Files (x86)\Maven\io\lettuce\lettuce-core\5.3.0.RELEASE\lettuce-core-5.3.0.RELEASE.jar;D:\Program Files (x86)\Maven\io\netty\netty-common\4.1.49.Final\netty-common-4.1.49.Final.jar;D:\Program Files (x86)\Maven\io\netty\netty-handler\4.1.49.Final\netty-handler-4.1.49.Final.jar;D:\Program Files (x86)\Maven\io\netty\netty-resolver\4.1.49.Final\netty-resolver-4.1.49.Final.jar;D:\Program Files (x86)\Maven\io\netty\netty-buffer\4.1.49.Final\netty-buffer-4.1.49.Final.jar;D:\Program Files (x86)\Maven\io\netty\netty-codec\4.1.49.Final\netty-codec-4.1.49.Final.jar;D:\Program Files (x86)\Maven\io\netty\netty-transport\4.1.49.Final\netty-transport-4.1.49.Final.jar;D:\Program Files (x86)\Maven\io\projectreactor\reactor-core\3.3.5.RELEASE\reactor-core-3.3.5.RELEASE.jar;D:\Program Files (x86)\Maven\org\reactivestreams\reactive-streams\1.0.3\reactive-streams-1.0.3.jar;"/>
    <property name="java.vm.vendor" value="Oracle Corporation"/>
    <property name="sun.arch.data.model" value="64"/>
    <property name="user.variant" value=""/>
    <property name="java.vendor.url" value="http://java.oracle.com/"/>
    <property name="user.timezone" value="Asia/Shanghai"/>
    <property name="java.vm.specification.version" value="1.8"/>
    <property name="os.name" value="Windows 10"/>
    <property name="user.country" value="CN"/>
    <property name="sun.java.launcher" value="SUN_STANDARD"/>
    <property name="sun.boot.library.path" value="C:\Program Files\Java\jdk1.8.0_131\jre\bin"/>
    <property name="sun.java.command" value="C:\Users\顾梦\AppData\Local\Temp\surefire7623584324744107729\surefirebooter4210551583219895272.jar C:\Users\顾梦\AppData\Local\Temp\surefire7623584324744107729 2023-11-06T14-49-54_802-jvmRun1 surefire7615164797188176085tmp surefire_02432222725234063629tmp"/>
    <property name="surefire.test.class.path" value="D:\gitXm\Pet\pet_project-main\target\test-classes;D:\gitXm\Pet\pet_project-main\target\classes;D:\Program Files (x86)\Maven\org\springframework\boot\spring-boot-starter-web\2.3.0.RELEASE\spring-boot-starter-web-2.3.0.RELEASE.jar;D:\Program Files (x86)\Maven\org\springframework\boot\spring-boot-starter\2.3.0.RELEASE\spring-boot-starter-2.3.0.RELEASE.jar;D:\Program Files (x86)\Maven\org\springframework\boot\spring-boot-starter-logging\2.3.0.RELEASE\spring-boot-starter-logging-2.3.0.RELEASE.jar;D:\Program Files (x86)\Maven\ch\qos\logback\logback-classic\1.2.3\logback-classic-1.2.3.jar;D:\Program Files (x86)\Maven\ch\qos\logback\logback-core\1.2.3\logback-core-1.2.3.jar;D:\Program Files (x86)\Maven\org\apache\logging\log4j\log4j-to-slf4j\2.13.2\log4j-to-slf4j-2.13.2.jar;D:\Program Files (x86)\Maven\org\apache\logging\log4j\log4j-api\2.13.2\log4j-api-2.13.2.jar;D:\Program Files (x86)\Maven\org\slf4j\jul-to-slf4j\1.7.30\jul-to-slf4j-1.7.30.jar;D:\Program Files (x86)\Maven\jakarta\annotation\jakarta.annotation-api\1.3.5\jakarta.annotation-api-1.3.5.jar;D:\Program Files (x86)\Maven\org\yaml\snakeyaml\1.26\snakeyaml-1.26.jar;D:\Program Files (x86)\Maven\org\springframework\boot\spring-boot-starter-json\2.3.0.RELEASE\spring-boot-starter-json-2.3.0.RELEASE.jar;D:\Program Files (x86)\Maven\com\fasterxml\jackson\core\jackson-databind\2.11.0\jackson-databind-2.11.0.jar;D:\Program Files (x86)\Maven\com\fasterxml\jackson\core\jackson-annotations\2.11.0\jackson-annotations-2.11.0.jar;D:\Program Files (x86)\Maven\com\fasterxml\jackson\core\jackson-core\2.11.0\jackson-core-2.11.0.jar;D:\Program Files (x86)\Maven\com\fasterxml\jackson\datatype\jackson-datatype-jdk8\2.11.0\jackson-datatype-jdk8-2.11.0.jar;D:\Program Files (x86)\Maven\com\fasterxml\jackson\datatype\jackson-datatype-jsr310\2.11.0\jackson-datatype-jsr310-2.11.0.jar;D:\Program Files (x86)\Maven\com\fasterxml\jackson\module\jackson-module-parameter-names\2.11.0\jackson-module-parameter-names-2.11.0.jar;D:\Program Files (x86)\Maven\org\springframework\boot\spring-boot-starter-tomcat\2.3.0.RELEASE\spring-boot-starter-tomcat-2.3.0.RELEASE.jar;D:\Program Files (x86)\Maven\org\apache\tomcat\embed\tomcat-embed-core\9.0.35\tomcat-embed-core-9.0.35.jar;D:\Program Files (x86)\Maven\org\glassfish\jakarta.el\3.0.3\jakarta.el-3.0.3.jar;D:\Program Files (x86)\Maven\org\apache\tomcat\embed\tomcat-embed-websocket\9.0.35\tomcat-embed-websocket-9.0.35.jar;D:\Program Files (x86)\Maven\org\springframework\spring-web\5.2.6.RELEASE\spring-web-5.2.6.RELEASE.jar;D:\Program Files (x86)\Maven\org\springframework\spring-beans\5.2.6.RELEASE\spring-beans-5.2.6.RELEASE.jar;D:\Program Files (x86)\Maven\org\springframework\spring-webmvc\5.2.6.RELEASE\spring-webmvc-5.2.6.RELEASE.jar;D:\Program Files (x86)\Maven\org\springframework\spring-aop\5.2.6.RELEASE\spring-aop-5.2.6.RELEASE.jar;D:\Program Files (x86)\Maven\org\springframework\spring-context\5.2.6.RELEASE\spring-context-5.2.6.RELEASE.jar;D:\Program Files (x86)\Maven\org\springframework\spring-expression\5.2.6.RELEASE\spring-expression-5.2.6.RELEASE.jar;D:\Program Files (x86)\Maven\org\springframework\boot\spring-boot-devtools\2.3.0.RELEASE\spring-boot-devtools-2.3.0.RELEASE.jar;D:\Program Files (x86)\Maven\org\springframework\boot\spring-boot\2.3.0.RELEASE\spring-boot-2.3.0.RELEASE.jar;D:\Program Files (x86)\Maven\org\springframework\boot\spring-boot-autoconfigure\2.3.0.RELEASE\spring-boot-autoconfigure-2.3.0.RELEASE.jar;D:\Program Files (x86)\Maven\org\springframework\boot\spring-boot-configuration-processor\2.3.0.RELEASE\spring-boot-configuration-processor-2.3.0.RELEASE.jar;D:\Program Files (x86)\Maven\org\springframework\boot\spring-boot-starter-test\2.3.0.RELEASE\spring-boot-starter-test-2.3.0.RELEASE.jar;D:\Program Files (x86)\Maven\org\springframework\boot\spring-boot-test\2.3.0.RELEASE\spring-boot-test-2.3.0.RELEASE.jar;D:\Program Files (x86)\Maven\org\springframework\boot\spring-boot-test-autoconfigure\2.3.0.RELEASE\spring-boot-test-autoconfigure-2.3.0.RELEASE.jar;D:\Program Files (x86)\Maven\com\jayway\jsonpath\json-path\2.4.0\json-path-2.4.0.jar;D:\Program Files (x86)\Maven\net\minidev\json-smart\2.3\json-smart-2.3.jar;D:\Program Files (x86)\Maven\net\minidev\accessors-smart\1.2\accessors-smart-1.2.jar;D:\Program Files (x86)\Maven\org\ow2\asm\asm\5.0.4\asm-5.0.4.jar;D:\Program Files (x86)\Maven\jakarta\xml\bind\jakarta.xml.bind-api\2.3.3\jakarta.xml.bind-api-2.3.3.jar;D:\Program Files (x86)\Maven\jakarta\activation\jakarta.activation-api\1.2.2\jakarta.activation-api-1.2.2.jar;D:\Program Files (x86)\Maven\org\assertj\assertj-core\3.16.1\assertj-core-3.16.1.jar;D:\Program Files (x86)\Maven\org\hamcrest\hamcrest\2.2\hamcrest-2.2.jar;D:\Program Files (x86)\Maven\org\junit\jupiter\junit-jupiter\5.6.2\junit-jupiter-5.6.2.jar;D:\Program Files (x86)\Maven\org\junit\jupiter\junit-jupiter-api\5.6.2\junit-jupiter-api-5.6.2.jar;D:\Program Files (x86)\Maven\org\opentest4j\opentest4j\1.2.0\opentest4j-1.2.0.jar;D:\Program Files (x86)\Maven\org\junit\platform\junit-platform-commons\1.6.2\junit-platform-commons-1.6.2.jar;D:\Program Files (x86)\Maven\org\junit\jupiter\junit-jupiter-params\5.6.2\junit-jupiter-params-5.6.2.jar;D:\Program Files (x86)\Maven\org\junit\jupiter\junit-jupiter-engine\5.6.2\junit-jupiter-engine-5.6.2.jar;D:\Program Files (x86)\Maven\org\junit\vintage\junit-vintage-engine\5.6.2\junit-vintage-engine-5.6.2.jar;D:\Program Files (x86)\Maven\org\apiguardian\apiguardian-api\1.1.0\apiguardian-api-1.1.0.jar;D:\Program Files (x86)\Maven\org\junit\platform\junit-platform-engine\1.6.2\junit-platform-engine-1.6.2.jar;D:\Program Files (x86)\Maven\junit\junit\4.13\junit-4.13.jar;D:\Program Files (x86)\Maven\org\mockito\mockito-core\3.3.3\mockito-core-3.3.3.jar;D:\Program Files (x86)\Maven\net\bytebuddy\byte-buddy\1.10.10\byte-buddy-1.10.10.jar;D:\Program Files (x86)\Maven\net\bytebuddy\byte-buddy-agent\1.10.10\byte-buddy-agent-1.10.10.jar;D:\Program Files (x86)\Maven\org\objenesis\objenesis\2.6\objenesis-2.6.jar;D:\Program Files (x86)\Maven\org\mockito\mockito-junit-jupiter\3.3.3\mockito-junit-jupiter-3.3.3.jar;D:\Program Files (x86)\Maven\org\skyscreamer\jsonassert\1.5.0\jsonassert-1.5.0.jar;D:\Program Files (x86)\Maven\com\vaadin\external\google\android-json\0.0.20131108.vaadin1\android-json-0.0.20131108.vaadin1.jar;D:\Program Files (x86)\Maven\org\springframework\spring-core\5.2.6.RELEASE\spring-core-5.2.6.RELEASE.jar;D:\Program Files (x86)\Maven\org\springframework\spring-jcl\5.2.6.RELEASE\spring-jcl-5.2.6.RELEASE.jar;D:\Program Files (x86)\Maven\org\springframework\spring-test\5.2.6.RELEASE\spring-test-5.2.6.RELEASE.jar;D:\Program Files (x86)\Maven\org\xmlunit\xmlunit-core\2.7.0\xmlunit-core-2.7.0.jar;D:\Program Files (x86)\Maven\org\springframework\boot\spring-boot-starter-thymeleaf\2.3.0.RELEASE\spring-boot-starter-thymeleaf-2.3.0.RELEASE.jar;D:\Program Files (x86)\Maven\org\thymeleaf\thymeleaf-spring5\3.0.11.RELEASE\thymeleaf-spring5-3.0.11.RELEASE.jar;D:\Program Files (x86)\Maven\org\thymeleaf\thymeleaf\3.0.11.RELEASE\thymeleaf-3.0.11.RELEASE.jar;D:\Program Files (x86)\Maven\org\attoparser\attoparser\2.0.5.RELEASE\attoparser-2.0.5.RELEASE.jar;D:\Program Files (x86)\Maven\org\unbescape\unbescape\1.1.6.RELEASE\unbescape-1.1.6.RELEASE.jar;D:\Program Files (x86)\Maven\org\thymeleaf\extras\thymeleaf-extras-java8time\3.0.4.RELEASE\thymeleaf-extras-java8time-3.0.4.RELEASE.jar;D:\Program Files (x86)\Maven\org\mybatis\spring\boot\mybatis-spring-boot-starter\2.1.1\mybatis-spring-boot-starter-2.1.1.jar;D:\Program Files (x86)\Maven\org\springframework\boot\spring-boot-starter-jdbc\2.3.0.RELEASE\spring-boot-starter-jdbc-2.3.0.RELEASE.jar;D:\Program Files (x86)\Maven\com\zaxxer\HikariCP\3.4.5\HikariCP-3.4.5.jar;D:\Program Files (x86)\Maven\org\springframework\spring-jdbc\5.2.6.RELEASE\spring-jdbc-5.2.6.RELEASE.jar;D:\Program Files (x86)\Maven\org\mybatis\spring\boot\mybatis-spring-boot-autoconfigure\2.1.1\mybatis-spring-boot-autoconfigure-2.1.1.jar;D:\Program Files (x86)\Maven\org\mybatis\mybatis\3.5.3\mybatis-3.5.3.jar;D:\Program Files (x86)\Maven\org\mybatis\mybatis-spring\2.0.3\mybatis-spring-2.0.3.jar;D:\Program Files (x86)\Maven\mysql\mysql-connector-java\8.0.20\mysql-connector-java-8.0.20.jar;D:\Program Files (x86)\Maven\org\projectlombok\lombok\1.18.10\lombok-1.18.10.jar;D:\Program Files (x86)\Maven\io\springfox\springfox-boot-starter\3.0.0\springfox-boot-starter-3.0.0.jar;D:\Program Files (x86)\Maven\io\springfox\springfox-oas\3.0.0\springfox-oas-3.0.0.jar;D:\Program Files (x86)\Maven\io\swagger\core\v3\swagger-annotations\2.1.2\swagger-annotations-2.1.2.jar;D:\Program Files (x86)\Maven\io\swagger\core\v3\swagger-models\2.1.2\swagger-models-2.1.2.jar;D:\Program Files (x86)\Maven\io\springfox\springfox-spi\3.0.0\springfox-spi-3.0.0.jar;D:\Program Files (x86)\Maven\io\springfox\springfox-schema\3.0.0\springfox-schema-3.0.0.jar;D:\Program Files (x86)\Maven\io\springfox\springfox-core\3.0.0\springfox-core-3.0.0.jar;D:\Program Files (x86)\Maven\io\springfox\springfox-spring-web\3.0.0\springfox-spring-web-3.0.0.jar;D:\Program Files (x86)\Maven\io\github\classgraph\classgraph\4.8.83\classgraph-4.8.83.jar;D:\Program Files (x86)\Maven\io\springfox\springfox-spring-webmvc\3.0.0\springfox-spring-webmvc-3.0.0.jar;D:\Program Files (x86)\Maven\io\springfox\springfox-spring-webflux\3.0.0\springfox-spring-webflux-3.0.0.jar;D:\Program Files (x86)\Maven\io\springfox\springfox-swagger-common\3.0.0\springfox-swagger-common-3.0.0.jar;D:\Program Files (x86)\Maven\org\mapstruct\mapstruct\1.3.1.Final\mapstruct-1.3.1.Final.jar;D:\Program Files (x86)\Maven\io\springfox\springfox-data-rest\3.0.0\springfox-data-rest-3.0.0.jar;D:\Program Files (x86)\Maven\io\springfox\springfox-bean-validators\3.0.0\springfox-bean-validators-3.0.0.jar;D:\Program Files (x86)\Maven\io\springfox\springfox-swagger2\3.0.0\springfox-swagger2-3.0.0.jar;D:\Program Files (x86)\Maven\io\swagger\swagger-annotations\1.5.20\swagger-annotations-1.5.20.jar;D:\Program Files (x86)\Maven\io\swagger\swagger-models\1.5.20\swagger-models-1.5.20.jar;D:\Program Files (x86)\Maven\io\springfox\springfox-swagger-ui\3.0.0\springfox-swagger-ui-3.0.0.jar;D:\Program Files (x86)\Maven\com\fasterxml\classmate\1.5.1\classmate-1.5.1.jar;D:\Program Files (x86)\Maven\org\slf4j\slf4j-api\1.7.30\slf4j-api-1.7.30.jar;D:\Program Files (x86)\Maven\org\springframework\plugin\spring-plugin-core\2.0.0.RELEASE\spring-plugin-core-2.0.0.RELEASE.jar;D:\Program Files (x86)\Maven\org\springframework\plugin\spring-plugin-metadata\2.0.0.RELEASE\spring-plugin-metadata-2.0.0.RELEASE.jar;D:\Program Files (x86)\Maven\redis\clients\jedis\4.3.1\jedis-4.3.1.jar;D:\Program Files (x86)\Maven\org\json\json\20220320\json-20220320.jar;D:\Program Files (x86)\Maven\com\google\code\gson\gson\2.8.6\gson-2.8.6.jar;D:\Program Files (x86)\Maven\org\apache\commons\commons-pool2\2.11.1\commons-pool2-2.11.1.jar;D:\Program Files (x86)\Maven\org\springframework\boot\spring-boot-starter-data-redis\2.3.0.RELEASE\spring-boot-starter-data-redis-2.3.0.RELEASE.jar;D:\Program Files (x86)\Maven\org\springframework\data\spring-data-redis\2.3.0.RELEASE\spring-data-redis-2.3.0.RELEASE.jar;D:\Program Files (x86)\Maven\org\springframework\data\spring-data-keyvalue\2.3.0.RELEASE\spring-data-keyvalue-2.3.0.RELEASE.jar;D:\Program Files (x86)\Maven\org\springframework\data\spring-data-commons\2.3.0.RELEASE\spring-data-commons-2.3.0.RELEASE.jar;D:\Program Files (x86)\Maven\org\springframework\spring-tx\5.2.6.RELEASE\spring-tx-5.2.6.RELEASE.jar;D:\Program Files (x86)\Maven\org\springframework\spring-oxm\5.2.6.RELEASE\spring-oxm-5.2.6.RELEASE.jar;D:\Program Files (x86)\Maven\org\springframework\spring-context-support\5.2.6.RELEASE\spring-context-support-5.2.6.RELEASE.jar;D:\Program Files (x86)\Maven\io\lettuce\lettuce-core\5.3.0.RELEASE\lettuce-core-5.3.0.RELEASE.jar;D:\Program Files (x86)\Maven\io\netty\netty-common\4.1.49.Final\netty-common-4.1.49.Final.jar;D:\Program Files (x86)\Maven\io\netty\netty-handler\4.1.49.Final\netty-handler-4.1.49.Final.jar;D:\Program Files (x86)\Maven\io\netty\netty-resolver\4.1.49.Final\netty-resolver-4.1.49.Final.jar;D:\Program Files (x86)\Maven\io\netty\netty-buffer\4.1.49.Final\netty-buffer-4.1.49.Final.jar;D:\Program Files (x86)\Maven\io\netty\netty-codec\4.1.49.Final\netty-codec-4.1.49.Final.jar;D:\Program Files (x86)\Maven\io\netty\netty-transport\4.1.49.Final\netty-transport-4.1.49.Final.jar;D:\Program Files (x86)\Maven\io\projectreactor\reactor-core\3.3.5.RELEASE\reactor-core-3.3.5.RELEASE.jar;D:\Program Files (x86)\Maven\org\reactivestreams\reactive-streams\1.0.3\reactive-streams-1.0.3.jar;"/>
    <property name="sun.cpu.endian" value="little"/>
    <property name="user.home" value="C:\Users\顾梦"/>
    <property name="user.language" value="zh"/>
    <property name="java.specification.vendor" value="Oracle Corporation"/>
    <property name="java.home" value="C:\Program Files\Java\jdk1.8.0_131\jre"/>
    <property name="basedir" value="D:\gitXm\Pet\pet_project-main"/>
    <property name="file.separator" value="\"/>
    <property name="line.separator" value="&#10;"/>
    <property name="java.vm.specification.vendor" value="Oracle Corporation"/>
    <property name="java.specification.name" value="Java Platform API Specification"/>
    <property name="java.awt.graphicsenv" value="sun.awt.Win32GraphicsEnvironment"/>
    <property name="surefire.real.class.path" value="C:\Users\顾梦\AppData\Local\Temp\surefire7623584324744107729\surefirebooter4210551583219895272.jar"/>
    <property name="sun.boot.class.path" value="C:\Program Files\Java\jdk1.8.0_131\jre\lib\resources.jar;C:\Program Files\Java\jdk1.8.0_131\jre\lib\rt.jar;C:\Program Files\Java\jdk1.8.0_131\jre\lib\sunrsasign.jar;C:\Program Files\Java\jdk1.8.0_131\jre\lib\jsse.jar;C:\Program Files\Java\jdk1.8.0_131\jre\lib\jce.jar;C:\Program Files\Java\jdk1.8.0_131\jre\lib\charsets.jar;C:\Program Files\Java\jdk1.8.0_131\jre\lib\jfr.jar;C:\Program Files\Java\jdk1.8.0_131\jre\classes"/>
    <property name="user.script" value=""/>
    <property name="sun.management.compiler" value="HotSpot 64-Bit Tiered Compilers"/>
    <property name="java.runtime.version" value="1.8.0_131-b11"/>
    <property name="user.name" value="顾梦"/>
    <property name="path.separator" value=";"/>
    <property name="os.version" value="10.0"/>
    <property name="java.endorsed.dirs" value="C:\Program Files\Java\jdk1.8.0_131\jre\lib\endorsed"/>
    <property name="java.runtime.name" value="Java(TM) SE Runtime Environment"/>
    <property name="file.encoding" value="GBK"/>
    <property name="java.vm.name" value="Java HotSpot(TM) 64-Bit Server VM"/>
    <property name="idea.version2020.1" value="true"/>
    <property name="localRepository" value="D:\Program Files (x86)\Maven"/>
    <property name="java.vendor.url.bug" value="http://bugreport.sun.com/bugreport/"/>
    <property name="java.io.tmpdir" value="C:\Users\顾梦\AppData\Local\Temp\"/>
    <property name="java.version" value="1.8.0_131"/>
    <property name="user.dir" value="D:\gitXm\Pet\pet_project-main"/>
    <property name="os.arch" value="amd64"/>
    <property name="java.vm.specification.name" value="Java Virtual Machine Specification"/>
    <property name="java.awt.printerjob" value="sun.awt.windows.WPrinterJob"/>
    <property name="sun.os.patch.level" value=""/>
    <property name="java.library.path" value="C:\Program Files\Java\jdk1.8.0_131\jre\bin;C:\Windows\Sun\Java\bin;C:\Windows\system32;C:\Windows;C:\ProgramData\Oracle\Java\javapath;C:\Program Files\Microsoft\jdk-11.0.16.101-hotspot\bin;C:\Program Files\PlasticSCM5\server;C:\Program Files\PlasticSCM5\client;C:\Program Files\Microsoft\jdk-11.0.12.7-hotspot\bin;C:\Windows\system32;C:\Windows;C:\Windows\System32\Wbem;C:\Windows\System32\WindowsPowerShell\v1.0\;C:\Windows\System32\OpenSSH\;D:\Program Files\Microsoft SQL Server\Client SDK\ODBC\130\Tools\Binn\;D:\Program Files (x86)\Microsoft SQL Server\140\Tools\Binn\;D:\Program Files\Microsoft SQL Server\140\Tools\Binn\;D:\Program Files\Microsoft SQL Server\140\DTS\Binn\;D:\Program Files (x86)\Microsoft SQL Server\Client SDK\ODBC\130\Tools\Binn\;D:\Program Files (x86)\Microsoft SQL Server\140\DTS\Binn\;D:\Program Files (x86)\Microsoft SQL Server\140\Tools\Binn\ManagementStudio\;D:\Program Files\Microsoft SQL Server\150\Tools\Binn\;D:\Program Files\Microsoft SQL Server\Client SDK\ODBC\170\Tools\Binn\;C:\Program Files\dotnet\;D:\Program Files\Git\cmd;C:\Program Files\MySQL\MySQL Server 8.1\bin;D:\Program Files (x86)\Maven\apache-maven-3.6.3\bin;C:\Program Files\nodejs\;C:\Users\顾梦\AppData\Local\Microsoft\WindowsApps;C:\Users\顾梦\.dotnet\tools;D:\Microsoft VS Code\bin;C:\Users\顾梦\AppData\Roaming\npm;."/>
    <property name="java.vm.info" value="mixed mode"/>
    <property name="java.vendor" value="Oracle Corporation"/>
    <property name="java.vm.version" value="25.131-b11"/>
    <property name="java.ext.dirs" value="C:\Program Files\Java\jdk1.8.0_131\jre\lib\ext;C:\Windows\Sun\Java\lib\ext"/>
    <property name="sun.io.unicode.encoding" value="UnicodeLittle"/>
    <property name="maven.repo.local" value="D:\Program Files (x86)\Maven"/>
    <property name="java.class.version" value="52.0"/>
  </properties>
  <testcase name="initializationError" classname="testredis.RedisTest" time="0.008">
    <error message="Unable to find a @SpringBootConfiguration, you need to use @ContextConfiguration or @SpringBootTest(classes=...) with your test" type="java.lang.IllegalStateException">java.lang.IllegalStateException: Unable to find a @SpringBootConfiguration, you need to use @ContextConfiguration or @SpringBootTest(classes=...) with your test
</error>
    <system-out><![CDATA[14:49:55.560 [main] DEBUG org.springframework.test.context.junit4.SpringJUnit4ClassRunner - SpringJUnit4ClassRunner constructor called with [class testredis.RedisTest]
14:49:55.566 [main] DEBUG org.springframework.test.context.BootstrapUtils - Instantiating CacheAwareContextLoaderDelegate from class [org.springframework.test.context.cache.DefaultCacheAwareContextLoaderDelegate]
14:49:55.575 [main] DEBUG org.springframework.test.context.BootstrapUtils - Instantiating BootstrapContext using constructor [public org.springframework.test.context.support.DefaultBootstrapContext(java.lang.Class,org.springframework.test.context.CacheAwareContextLoaderDelegate)]
14:49:55.606 [main] DEBUG org.springframework.test.context.BootstrapUtils - Instantiating TestContextBootstrapper for test class [testredis.RedisTest] from class [org.springframework.boot.test.context.SpringBootTestContextBootstrapper]
14:49:55.622 [main] INFO org.springframework.boot.test.context.SpringBootTestContextBootstrapper - Neither @ContextConfiguration nor @ContextHierarchy found for test class [testredis.RedisTest], using SpringBootContextLoader
14:49:55.626 [main] DEBUG org.springframework.test.context.support.AbstractContextLoader - Did not detect default resource location for test class [testredis.RedisTest]: class path resource [testredis/RedisTest-context.xml] does not exist
14:49:55.626 [main] DEBUG org.springframework.test.context.support.AbstractContextLoader - Did not detect default resource location for test class [testredis.RedisTest]: class path resource [testredis/RedisTestContext.groovy] does not exist
14:49:55.627 [main] INFO org.springframework.test.context.support.AbstractContextLoader - Could not detect default resource locations for test class [testredis.RedisTest]: no resource found for suffixes {-context.xml, Context.groovy}.
14:49:55.627 [main] INFO org.springframework.test.context.support.AnnotationConfigContextLoaderUtils - Could not detect default configuration classes for test class [testredis.RedisTest]: RedisTest does not declare any static, non-private, non-final, nested classes annotated with @Configuration.
14:49:55.667 [main] DEBUG org.springframework.test.context.support.ActiveProfilesUtils - Could not find an 'annotation declaring class' for annotation type [org.springframework.test.context.ActiveProfiles] and class [testredis.RedisTest]
14:49:55.731 [main] DEBUG org.springframework.test.context.junit4.SpringJUnit4ClassRunner - SpringJUnit4ClassRunner constructor called with [class testredis.RedisTest]
14:49:55.731 [main] DEBUG org.springframework.test.context.BootstrapUtils - Instantiating CacheAwareContextLoaderDelegate from class [org.springframework.test.context.cache.DefaultCacheAwareContextLoaderDelegate]
14:49:55.732 [main] DEBUG org.springframework.test.context.BootstrapUtils - Instantiating BootstrapContext using constructor [public org.springframework.test.context.support.DefaultBootstrapContext(java.lang.Class,org.springframework.test.context.CacheAwareContextLoaderDelegate)]
14:49:55.732 [main] DEBUG org.springframework.test.context.BootstrapUtils - Instantiating TestContextBootstrapper for test class [testredis.RedisTest] from class [org.springframework.boot.test.context.SpringBootTestContextBootstrapper]
14:49:55.732 [main] INFO org.springframework.boot.test.context.SpringBootTestContextBootstrapper - Neither @ContextConfiguration nor @ContextHierarchy found for test class [testredis.RedisTest], using SpringBootContextLoader
14:49:55.733 [main] DEBUG org.springframework.test.context.support.AbstractContextLoader - Did not detect default resource location for test class [testredis.RedisTest]: class path resource [testredis/RedisTest-context.xml] does not exist
14:49:55.733 [main] DEBUG org.springframework.test.context.support.AbstractContextLoader - Did not detect default resource location for test class [testredis.RedisTest]: class path resource [testredis/RedisTestContext.groovy] does not exist
14:49:55.733 [main] INFO org.springframework.test.context.support.AbstractContextLoader - Could not detect default resource locations for test class [testredis.RedisTest]: no resource found for suffixes {-context.xml, Context.groovy}.
14:49:55.733 [main] INFO org.springframework.test.context.support.AnnotationConfigContextLoaderUtils - Could not detect default configuration classes for test class [testredis.RedisTest]: RedisTest does not declare any static, non-private, non-final, nested classes annotated with @Configuration.
14:49:55.735 [main] DEBUG org.springframework.test.context.support.ActiveProfilesUtils - Could not find an 'annotation declaring class' for annotation type [org.springframework.test.context.ActiveProfiles] and class [testredis.RedisTest]
]]></system-out>
  </testcase>
</testsuite>