<?xml version="1.0" encoding="UTF-8"?>
<testsuite xmlns:xsi="http://www.w3.org/2001/XMLSchema-instance" xsi:noNamespaceSchemaLocation="https://maven.apache.org/surefire/maven-surefire-plugin/xsd/surefire-test-report.xsd" name="org.pethome.mapper.DepartmentMapperTest" time="5.027" tests="8" errors="4" skipped="0" failures="0">
  <properties>
    <property name="sun.desktop" value="windows"/>
    <property name="awt.toolkit" value="sun.awt.windows.WToolkit"/>
    <property name="file.encoding.pkg" value="sun.io"/>
    <property name="java.specification.version" value="1.8"/>
    <property name="sun.cpu.isalist" value="amd64"/>
    <property name="sun.jnu.encoding" value="GBK"/>
    <property name="java.class.path" value="E:\BaiduNetdiskDownload\PetHome\target\test-classes;E:\BaiduNetdiskDownload\PetHome\target\classes;D:\Program Files (x86)\Maven\org\springframework\boot\spring-boot-starter-web\2.3.0.RELEASE\spring-boot-starter-web-2.3.0.RELEASE.jar;D:\Program Files (x86)\Maven\org\springframework\boot\spring-boot-starter\2.3.0.RELEASE\spring-boot-starter-2.3.0.RELEASE.jar;D:\Program Files (x86)\Maven\org\springframework\boot\spring-boot-starter-logging\2.3.0.RELEASE\spring-boot-starter-logging-2.3.0.RELEASE.jar;D:\Program Files (x86)\Maven\ch\qos\logback\logback-classic\1.2.3\logback-classic-1.2.3.jar;D:\Program Files (x86)\Maven\ch\qos\logback\logback-core\1.2.3\logback-core-1.2.3.jar;D:\Program Files (x86)\Maven\org\apache\logging\log4j\log4j-to-slf4j\2.13.2\log4j-to-slf4j-2.13.2.jar;D:\Program Files (x86)\Maven\org\apache\logging\log4j\log4j-api\2.13.2\log4j-api-2.13.2.jar;D:\Program Files (x86)\Maven\org\slf4j\jul-to-slf4j\1.7.30\jul-to-slf4j-1.7.30.jar;D:\Program Files (x86)\Maven\jakarta\annotation\jakarta.annotation-api\1.3.5\jakarta.annotation-api-1.3.5.jar;D:\Program Files (x86)\Maven\org\yaml\snakeyaml\1.26\snakeyaml-1.26.jar;D:\Program Files (x86)\Maven\org\springframework\boot\spring-boot-starter-json\2.3.0.RELEASE\spring-boot-starter-json-2.3.0.RELEASE.jar;D:\Program Files (x86)\Maven\com\fasterxml\jackson\core\jackson-databind\2.11.0\jackson-databind-2.11.0.jar;D:\Program Files (x86)\Maven\com\fasterxml\jackson\core\jackson-annotations\2.11.0\jackson-annotations-2.11.0.jar;D:\Program Files (x86)\Maven\com\fasterxml\jackson\core\jackson-core\2.11.0\jackson-core-2.11.0.jar;D:\Program Files (x86)\Maven\com\fasterxml\jackson\datatype\jackson-datatype-jdk8\2.11.0\jackson-datatype-jdk8-2.11.0.jar;D:\Program Files (x86)\Maven\com\fasterxml\jackson\datatype\jackson-datatype-jsr310\2.11.0\jackson-datatype-jsr310-2.11.0.jar;D:\Program Files (x86)\Maven\com\fasterxml\jackson\module\jackson-module-parameter-names\2.11.0\jackson-module-parameter-names-2.11.0.jar;D:\Program Files (x86)\Maven\org\springframework\boot\spring-boot-starter-tomcat\2.3.0.RELEASE\spring-boot-starter-tomcat-2.3.0.RELEASE.jar;D:\Program Files (x86)\Maven\org\apache\tomcat\embed\tomcat-embed-core\9.0.35\tomcat-embed-core-9.0.35.jar;D:\Program Files (x86)\Maven\org\glassfish\jakarta.el\3.0.3\jakarta.el-3.0.3.jar;D:\Program Files (x86)\Maven\org\apache\tomcat\embed\tomcat-embed-websocket\9.0.35\tomcat-embed-websocket-9.0.35.jar;D:\Program Files (x86)\Maven\org\springframework\spring-web\5.2.6.RELEASE\spring-web-5.2.6.RELEASE.jar;D:\Program Files (x86)\Maven\org\springframework\spring-beans\5.2.6.RELEASE\spring-beans-5.2.6.RELEASE.jar;D:\Program Files (x86)\Maven\org\springframework\spring-webmvc\5.2.6.RELEASE\spring-webmvc-5.2.6.RELEASE.jar;D:\Program Files (x86)\Maven\org\springframework\spring-aop\5.2.6.RELEASE\spring-aop-5.2.6.RELEASE.jar;D:\Program Files (x86)\Maven\org\springframework\spring-context\5.2.6.RELEASE\spring-context-5.2.6.RELEASE.jar;D:\Program Files (x86)\Maven\org\springframework\spring-expression\5.2.6.RELEASE\spring-expression-5.2.6.RELEASE.jar;D:\Program Files (x86)\Maven\org\springframework\boot\spring-boot-devtools\2.3.0.RELEASE\spring-boot-devtools-2.3.0.RELEASE.jar;D:\Program Files (x86)\Maven\org\springframework\boot\spring-boot\2.3.0.RELEASE\spring-boot-2.3.0.RELEASE.jar;D:\Program Files (x86)\Maven\org\springframework\boot\spring-boot-autoconfigure\2.3.0.RELEASE\spring-boot-autoconfigure-2.3.0.RELEASE.jar;D:\Program Files (x86)\Maven\org\springframework\boot\spring-boot-configuration-processor\2.3.0.RELEASE\spring-boot-configuration-processor-2.3.0.RELEASE.jar;D:\Program Files (x86)\Maven\org\springframework\boot\spring-boot-starter-test\2.3.0.RELEASE\spring-boot-starter-test-2.3.0.RELEASE.jar;D:\Program Files (x86)\Maven\org\springframework\boot\spring-boot-test\2.3.0.RELEASE\spring-boot-test-2.3.0.RELEASE.jar;D:\Program Files (x86)\Maven\org\springframework\boot\spring-boot-test-autoconfigure\2.3.0.RELEASE\spring-boot-test-autoconfigure-2.3.0.RELEASE.jar;D:\Program Files (x86)\Maven\com\jayway\jsonpath\json-path\2.4.0\json-path-2.4.0.jar;D:\Program Files (x86)\Maven\net\minidev\json-smart\2.3\json-smart-2.3.jar;D:\Program Files (x86)\Maven\net\minidev\accessors-smart\1.2\accessors-smart-1.2.jar;D:\Program Files (x86)\Maven\org\ow2\asm\asm\5.0.4\asm-5.0.4.jar;D:\Program Files (x86)\Maven\jakarta\xml\bind\jakarta.xml.bind-api\2.3.3\jakarta.xml.bind-api-2.3.3.jar;D:\Program Files (x86)\Maven\jakarta\activation\jakarta.activation-api\1.2.2\jakarta.activation-api-1.2.2.jar;D:\Program Files (x86)\Maven\org\assertj\assertj-core\3.16.1\assertj-core-3.16.1.jar;D:\Program Files (x86)\Maven\org\hamcrest\hamcrest\2.2\hamcrest-2.2.jar;D:\Program Files (x86)\Maven\org\junit\jupiter\junit-jupiter\5.6.2\junit-jupiter-5.6.2.jar;D:\Program Files (x86)\Maven\org\junit\jupiter\junit-jupiter-api\5.6.2\junit-jupiter-api-5.6.2.jar;D:\Program Files (x86)\Maven\org\opentest4j\opentest4j\1.2.0\opentest4j-1.2.0.jar;D:\Program Files (x86)\Maven\org\junit\platform\junit-platform-commons\1.6.2\junit-platform-commons-1.6.2.jar;D:\Program Files (x86)\Maven\org\junit\jupiter\junit-jupiter-params\5.6.2\junit-jupiter-params-5.6.2.jar;D:\Program Files (x86)\Maven\org\junit\jupiter\junit-jupiter-engine\5.6.2\junit-jupiter-engine-5.6.2.jar;D:\Program Files (x86)\Maven\org\junit\vintage\junit-vintage-engine\5.6.2\junit-vintage-engine-5.6.2.jar;D:\Program Files (x86)\Maven\org\apiguardian\apiguardian-api\1.1.0\apiguardian-api-1.1.0.jar;D:\Program Files (x86)\Maven\org\junit\platform\junit-platform-engine\1.6.2\junit-platform-engine-1.6.2.jar;D:\Program Files (x86)\Maven\junit\junit\4.13\junit-4.13.jar;D:\Program Files (x86)\Maven\org\mockito\mockito-core\3.3.3\mockito-core-3.3.3.jar;D:\Program Files (x86)\Maven\net\bytebuddy\byte-buddy\1.10.10\byte-buddy-1.10.10.jar;D:\Program Files (x86)\Maven\net\bytebuddy\byte-buddy-agent\1.10.10\byte-buddy-agent-1.10.10.jar;D:\Program Files (x86)\Maven\org\objenesis\objenesis\2.6\objenesis-2.6.jar;D:\Program Files (x86)\Maven\org\mockito\mockito-junit-jupiter\3.3.3\mockito-junit-jupiter-3.3.3.jar;D:\Program Files (x86)\Maven\org\skyscreamer\jsonassert\1.5.0\jsonassert-1.5.0.jar;D:\Program Files (x86)\Maven\com\vaadin\external\google\android-json\0.0.20131108.vaadin1\android-json-0.0.20131108.vaadin1.jar;D:\Program Files (x86)\Maven\org\springframework\spring-core\5.2.6.RELEASE\spring-core-5.2.6.RELEASE.jar;D:\Program Files (x86)\Maven\org\springframework\spring-jcl\5.2.6.RELEASE\spring-jcl-5.2.6.RELEASE.jar;D:\Program Files (x86)\Maven\org\springframework\spring-test\5.2.6.RELEASE\spring-test-5.2.6.RELEASE.jar;D:\Program Files (x86)\Maven\org\xmlunit\xmlunit-core\2.7.0\xmlunit-core-2.7.0.jar;D:\Program Files (x86)\Maven\org\springframework\boot\spring-boot-starter-thymeleaf\2.3.0.RELEASE\spring-boot-starter-thymeleaf-2.3.0.RELEASE.jar;D:\Program Files (x86)\Maven\org\thymeleaf\thymeleaf-spring5\3.0.11.RELEASE\thymeleaf-spring5-3.0.11.RELEASE.jar;D:\Program Files (x86)\Maven\org\thymeleaf\thymeleaf\3.0.11.RELEASE\thymeleaf-3.0.11.RELEASE.jar;D:\Program Files (x86)\Maven\org\attoparser\attoparser\2.0.5.RELEASE\attoparser-2.0.5.RELEASE.jar;D:\Program Files (x86)\Maven\org\unbescape\unbescape\1.1.6.RELEASE\unbescape-1.1.6.RELEASE.jar;D:\Program Files (x86)\Maven\org\thymeleaf\extras\thymeleaf-extras-java8time\3.0.4.RELEASE\thymeleaf-extras-java8time-3.0.4.RELEASE.jar;D:\Program Files (x86)\Maven\org\mybatis\spring\boot\mybatis-spring-boot-starter\2.1.1\mybatis-spring-boot-starter-2.1.1.jar;D:\Program Files (x86)\Maven\org\springframework\boot\spring-boot-starter-jdbc\2.3.0.RELEASE\spring-boot-starter-jdbc-2.3.0.RELEASE.jar;D:\Program Files (x86)\Maven\com\zaxxer\HikariCP\3.4.5\HikariCP-3.4.5.jar;D:\Program Files (x86)\Maven\org\springframework\spring-jdbc\5.2.6.RELEASE\spring-jdbc-5.2.6.RELEASE.jar;D:\Program Files (x86)\Maven\org\springframework\spring-tx\5.2.6.RELEASE\spring-tx-5.2.6.RELEASE.jar;D:\Program Files (x86)\Maven\org\mybatis\spring\boot\mybatis-spring-boot-autoconfigure\2.1.1\mybatis-spring-boot-autoconfigure-2.1.1.jar;D:\Program Files (x86)\Maven\org\mybatis\mybatis\3.5.3\mybatis-3.5.3.jar;D:\Program Files (x86)\Maven\org\mybatis\mybatis-spring\2.0.3\mybatis-spring-2.0.3.jar;D:\Program Files (x86)\Maven\mysql\mysql-connector-java\8.0.20\mysql-connector-java-8.0.20.jar;D:\Program Files (x86)\Maven\org\projectlombok\lombok\1.18.10\lombok-1.18.10.jar;D:\Program Files (x86)\Maven\io\springfox\springfox-boot-starter\3.0.0\springfox-boot-starter-3.0.0.jar;D:\Program Files (x86)\Maven\io\springfox\springfox-oas\3.0.0\springfox-oas-3.0.0.jar;D:\Program Files (x86)\Maven\io\swagger\core\v3\swagger-annotations\2.1.2\swagger-annotations-2.1.2.jar;D:\Program Files (x86)\Maven\io\swagger\core\v3\swagger-models\2.1.2\swagger-models-2.1.2.jar;D:\Program Files (x86)\Maven\io\springfox\springfox-spi\3.0.0\springfox-spi-3.0.0.jar;D:\Program Files (x86)\Maven\io\springfox\springfox-schema\3.0.0\springfox-schema-3.0.0.jar;D:\Program Files (x86)\Maven\io\springfox\springfox-core\3.0.0\springfox-core-3.0.0.jar;D:\Program Files (x86)\Maven\io\springfox\springfox-spring-web\3.0.0\springfox-spring-web-3.0.0.jar;D:\Program Files (x86)\Maven\io\github\classgraph\classgraph\4.8.83\classgraph-4.8.83.jar;D:\Program Files (x86)\Maven\io\springfox\springfox-spring-webmvc\3.0.0\springfox-spring-webmvc-3.0.0.jar;D:\Program Files (x86)\Maven\io\springfox\springfox-spring-webflux\3.0.0\springfox-spring-webflux-3.0.0.jar;D:\Program Files (x86)\Maven\io\springfox\springfox-swagger-common\3.0.0\springfox-swagger-common-3.0.0.jar;D:\Program Files (x86)\Maven\org\mapstruct\mapstruct\1.3.1.Final\mapstruct-1.3.1.Final.jar;D:\Program Files (x86)\Maven\io\springfox\springfox-data-rest\3.0.0\springfox-data-rest-3.0.0.jar;D:\Program Files (x86)\Maven\io\springfox\springfox-bean-validators\3.0.0\springfox-bean-validators-3.0.0.jar;D:\Program Files (x86)\Maven\io\springfox\springfox-swagger2\3.0.0\springfox-swagger2-3.0.0.jar;D:\Program Files (x86)\Maven\io\swagger\swagger-annotations\1.5.20\swagger-annotations-1.5.20.jar;D:\Program Files (x86)\Maven\io\swagger\swagger-models\1.5.20\swagger-models-1.5.20.jar;D:\Program Files (x86)\Maven\io\springfox\springfox-swagger-ui\3.0.0\springfox-swagger-ui-3.0.0.jar;D:\Program Files (x86)\Maven\com\fasterxml\classmate\1.5.1\classmate-1.5.1.jar;D:\Program Files (x86)\Maven\org\slf4j\slf4j-api\1.7.30\slf4j-api-1.7.30.jar;D:\Program Files (x86)\Maven\org\springframework\plugin\spring-plugin-core\2.0.0.RELEASE\spring-plugin-core-2.0.0.RELEASE.jar;D:\Program Files (x86)\Maven\org\springframework\plugin\spring-plugin-metadata\2.0.0.RELEASE\spring-plugin-metadata-2.0.0.RELEASE.jar;"/>
    <property name="java.vm.vendor" value="Oracle Corporation"/>
    <property name="sun.arch.data.model" value="64"/>
    <property name="user.variant" value=""/>
    <property name="java.vendor.url" value="http://java.oracle.com/"/>
    <property name="user.timezone" value="Asia/Shanghai"/>
    <property name="java.vm.specification.version" value="1.8"/>
    <property name="os.name" value="Windows 10"/>
    <property name="user.country" value="CN"/>
    <property name="sun.java.launcher" value="SUN_STANDARD"/>
    <property name="sun.boot.library.path" value="C:\Program Files\Java\jdk1.8.0_131\jre\bin"/>
    <property name="sun.java.command" value="C:\Users\顾梦\AppData\Local\Temp\surefire5520788107852520654\surefirebooter684252937459290716.jar C:\Users\顾梦\AppData\Local\Temp\surefire5520788107852520654 2023-10-30T11-09-53_308-jvmRun1 surefire5865277574131057608tmp surefire_0458631818072799071tmp"/>
    <property name="surefire.test.class.path" value="E:\BaiduNetdiskDownload\PetHome\target\test-classes;E:\BaiduNetdiskDownload\PetHome\target\classes;D:\Program Files (x86)\Maven\org\springframework\boot\spring-boot-starter-web\2.3.0.RELEASE\spring-boot-starter-web-2.3.0.RELEASE.jar;D:\Program Files (x86)\Maven\org\springframework\boot\spring-boot-starter\2.3.0.RELEASE\spring-boot-starter-2.3.0.RELEASE.jar;D:\Program Files (x86)\Maven\org\springframework\boot\spring-boot-starter-logging\2.3.0.RELEASE\spring-boot-starter-logging-2.3.0.RELEASE.jar;D:\Program Files (x86)\Maven\ch\qos\logback\logback-classic\1.2.3\logback-classic-1.2.3.jar;D:\Program Files (x86)\Maven\ch\qos\logback\logback-core\1.2.3\logback-core-1.2.3.jar;D:\Program Files (x86)\Maven\org\apache\logging\log4j\log4j-to-slf4j\2.13.2\log4j-to-slf4j-2.13.2.jar;D:\Program Files (x86)\Maven\org\apache\logging\log4j\log4j-api\2.13.2\log4j-api-2.13.2.jar;D:\Program Files (x86)\Maven\org\slf4j\jul-to-slf4j\1.7.30\jul-to-slf4j-1.7.30.jar;D:\Program Files (x86)\Maven\jakarta\annotation\jakarta.annotation-api\1.3.5\jakarta.annotation-api-1.3.5.jar;D:\Program Files (x86)\Maven\org\yaml\snakeyaml\1.26\snakeyaml-1.26.jar;D:\Program Files (x86)\Maven\org\springframework\boot\spring-boot-starter-json\2.3.0.RELEASE\spring-boot-starter-json-2.3.0.RELEASE.jar;D:\Program Files (x86)\Maven\com\fasterxml\jackson\core\jackson-databind\2.11.0\jackson-databind-2.11.0.jar;D:\Program Files (x86)\Maven\com\fasterxml\jackson\core\jackson-annotations\2.11.0\jackson-annotations-2.11.0.jar;D:\Program Files (x86)\Maven\com\fasterxml\jackson\core\jackson-core\2.11.0\jackson-core-2.11.0.jar;D:\Program Files (x86)\Maven\com\fasterxml\jackson\datatype\jackson-datatype-jdk8\2.11.0\jackson-datatype-jdk8-2.11.0.jar;D:\Program Files (x86)\Maven\com\fasterxml\jackson\datatype\jackson-datatype-jsr310\2.11.0\jackson-datatype-jsr310-2.11.0.jar;D:\Program Files (x86)\Maven\com\fasterxml\jackson\module\jackson-module-parameter-names\2.11.0\jackson-module-parameter-names-2.11.0.jar;D:\Program Files (x86)\Maven\org\springframework\boot\spring-boot-starter-tomcat\2.3.0.RELEASE\spring-boot-starter-tomcat-2.3.0.RELEASE.jar;D:\Program Files (x86)\Maven\org\apache\tomcat\embed\tomcat-embed-core\9.0.35\tomcat-embed-core-9.0.35.jar;D:\Program Files (x86)\Maven\org\glassfish\jakarta.el\3.0.3\jakarta.el-3.0.3.jar;D:\Program Files (x86)\Maven\org\apache\tomcat\embed\tomcat-embed-websocket\9.0.35\tomcat-embed-websocket-9.0.35.jar;D:\Program Files (x86)\Maven\org\springframework\spring-web\5.2.6.RELEASE\spring-web-5.2.6.RELEASE.jar;D:\Program Files (x86)\Maven\org\springframework\spring-beans\5.2.6.RELEASE\spring-beans-5.2.6.RELEASE.jar;D:\Program Files (x86)\Maven\org\springframework\spring-webmvc\5.2.6.RELEASE\spring-webmvc-5.2.6.RELEASE.jar;D:\Program Files (x86)\Maven\org\springframework\spring-aop\5.2.6.RELEASE\spring-aop-5.2.6.RELEASE.jar;D:\Program Files (x86)\Maven\org\springframework\spring-context\5.2.6.RELEASE\spring-context-5.2.6.RELEASE.jar;D:\Program Files (x86)\Maven\org\springframework\spring-expression\5.2.6.RELEASE\spring-expression-5.2.6.RELEASE.jar;D:\Program Files (x86)\Maven\org\springframework\boot\spring-boot-devtools\2.3.0.RELEASE\spring-boot-devtools-2.3.0.RELEASE.jar;D:\Program Files (x86)\Maven\org\springframework\boot\spring-boot\2.3.0.RELEASE\spring-boot-2.3.0.RELEASE.jar;D:\Program Files (x86)\Maven\org\springframework\boot\spring-boot-autoconfigure\2.3.0.RELEASE\spring-boot-autoconfigure-2.3.0.RELEASE.jar;D:\Program Files (x86)\Maven\org\springframework\boot\spring-boot-configuration-processor\2.3.0.RELEASE\spring-boot-configuration-processor-2.3.0.RELEASE.jar;D:\Program Files (x86)\Maven\org\springframework\boot\spring-boot-starter-test\2.3.0.RELEASE\spring-boot-starter-test-2.3.0.RELEASE.jar;D:\Program Files (x86)\Maven\org\springframework\boot\spring-boot-test\2.3.0.RELEASE\spring-boot-test-2.3.0.RELEASE.jar;D:\Program Files (x86)\Maven\org\springframework\boot\spring-boot-test-autoconfigure\2.3.0.RELEASE\spring-boot-test-autoconfigure-2.3.0.RELEASE.jar;D:\Program Files (x86)\Maven\com\jayway\jsonpath\json-path\2.4.0\json-path-2.4.0.jar;D:\Program Files (x86)\Maven\net\minidev\json-smart\2.3\json-smart-2.3.jar;D:\Program Files (x86)\Maven\net\minidev\accessors-smart\1.2\accessors-smart-1.2.jar;D:\Program Files (x86)\Maven\org\ow2\asm\asm\5.0.4\asm-5.0.4.jar;D:\Program Files (x86)\Maven\jakarta\xml\bind\jakarta.xml.bind-api\2.3.3\jakarta.xml.bind-api-2.3.3.jar;D:\Program Files (x86)\Maven\jakarta\activation\jakarta.activation-api\1.2.2\jakarta.activation-api-1.2.2.jar;D:\Program Files (x86)\Maven\org\assertj\assertj-core\3.16.1\assertj-core-3.16.1.jar;D:\Program Files (x86)\Maven\org\hamcrest\hamcrest\2.2\hamcrest-2.2.jar;D:\Program Files (x86)\Maven\org\junit\jupiter\junit-jupiter\5.6.2\junit-jupiter-5.6.2.jar;D:\Program Files (x86)\Maven\org\junit\jupiter\junit-jupiter-api\5.6.2\junit-jupiter-api-5.6.2.jar;D:\Program Files (x86)\Maven\org\opentest4j\opentest4j\1.2.0\opentest4j-1.2.0.jar;D:\Program Files (x86)\Maven\org\junit\platform\junit-platform-commons\1.6.2\junit-platform-commons-1.6.2.jar;D:\Program Files (x86)\Maven\org\junit\jupiter\junit-jupiter-params\5.6.2\junit-jupiter-params-5.6.2.jar;D:\Program Files (x86)\Maven\org\junit\jupiter\junit-jupiter-engine\5.6.2\junit-jupiter-engine-5.6.2.jar;D:\Program Files (x86)\Maven\org\junit\vintage\junit-vintage-engine\5.6.2\junit-vintage-engine-5.6.2.jar;D:\Program Files (x86)\Maven\org\apiguardian\apiguardian-api\1.1.0\apiguardian-api-1.1.0.jar;D:\Program Files (x86)\Maven\org\junit\platform\junit-platform-engine\1.6.2\junit-platform-engine-1.6.2.jar;D:\Program Files (x86)\Maven\junit\junit\4.13\junit-4.13.jar;D:\Program Files (x86)\Maven\org\mockito\mockito-core\3.3.3\mockito-core-3.3.3.jar;D:\Program Files (x86)\Maven\net\bytebuddy\byte-buddy\1.10.10\byte-buddy-1.10.10.jar;D:\Program Files (x86)\Maven\net\bytebuddy\byte-buddy-agent\1.10.10\byte-buddy-agent-1.10.10.jar;D:\Program Files (x86)\Maven\org\objenesis\objenesis\2.6\objenesis-2.6.jar;D:\Program Files (x86)\Maven\org\mockito\mockito-junit-jupiter\3.3.3\mockito-junit-jupiter-3.3.3.jar;D:\Program Files (x86)\Maven\org\skyscreamer\jsonassert\1.5.0\jsonassert-1.5.0.jar;D:\Program Files (x86)\Maven\com\vaadin\external\google\android-json\0.0.20131108.vaadin1\android-json-0.0.20131108.vaadin1.jar;D:\Program Files (x86)\Maven\org\springframework\spring-core\5.2.6.RELEASE\spring-core-5.2.6.RELEASE.jar;D:\Program Files (x86)\Maven\org\springframework\spring-jcl\5.2.6.RELEASE\spring-jcl-5.2.6.RELEASE.jar;D:\Program Files (x86)\Maven\org\springframework\spring-test\5.2.6.RELEASE\spring-test-5.2.6.RELEASE.jar;D:\Program Files (x86)\Maven\org\xmlunit\xmlunit-core\2.7.0\xmlunit-core-2.7.0.jar;D:\Program Files (x86)\Maven\org\springframework\boot\spring-boot-starter-thymeleaf\2.3.0.RELEASE\spring-boot-starter-thymeleaf-2.3.0.RELEASE.jar;D:\Program Files (x86)\Maven\org\thymeleaf\thymeleaf-spring5\3.0.11.RELEASE\thymeleaf-spring5-3.0.11.RELEASE.jar;D:\Program Files (x86)\Maven\org\thymeleaf\thymeleaf\3.0.11.RELEASE\thymeleaf-3.0.11.RELEASE.jar;D:\Program Files (x86)\Maven\org\attoparser\attoparser\2.0.5.RELEASE\attoparser-2.0.5.RELEASE.jar;D:\Program Files (x86)\Maven\org\unbescape\unbescape\1.1.6.RELEASE\unbescape-1.1.6.RELEASE.jar;D:\Program Files (x86)\Maven\org\thymeleaf\extras\thymeleaf-extras-java8time\3.0.4.RELEASE\thymeleaf-extras-java8time-3.0.4.RELEASE.jar;D:\Program Files (x86)\Maven\org\mybatis\spring\boot\mybatis-spring-boot-starter\2.1.1\mybatis-spring-boot-starter-2.1.1.jar;D:\Program Files (x86)\Maven\org\springframework\boot\spring-boot-starter-jdbc\2.3.0.RELEASE\spring-boot-starter-jdbc-2.3.0.RELEASE.jar;D:\Program Files (x86)\Maven\com\zaxxer\HikariCP\3.4.5\HikariCP-3.4.5.jar;D:\Program Files (x86)\Maven\org\springframework\spring-jdbc\5.2.6.RELEASE\spring-jdbc-5.2.6.RELEASE.jar;D:\Program Files (x86)\Maven\org\springframework\spring-tx\5.2.6.RELEASE\spring-tx-5.2.6.RELEASE.jar;D:\Program Files (x86)\Maven\org\mybatis\spring\boot\mybatis-spring-boot-autoconfigure\2.1.1\mybatis-spring-boot-autoconfigure-2.1.1.jar;D:\Program Files (x86)\Maven\org\mybatis\mybatis\3.5.3\mybatis-3.5.3.jar;D:\Program Files (x86)\Maven\org\mybatis\mybatis-spring\2.0.3\mybatis-spring-2.0.3.jar;D:\Program Files (x86)\Maven\mysql\mysql-connector-java\8.0.20\mysql-connector-java-8.0.20.jar;D:\Program Files (x86)\Maven\org\projectlombok\lombok\1.18.10\lombok-1.18.10.jar;D:\Program Files (x86)\Maven\io\springfox\springfox-boot-starter\3.0.0\springfox-boot-starter-3.0.0.jar;D:\Program Files (x86)\Maven\io\springfox\springfox-oas\3.0.0\springfox-oas-3.0.0.jar;D:\Program Files (x86)\Maven\io\swagger\core\v3\swagger-annotations\2.1.2\swagger-annotations-2.1.2.jar;D:\Program Files (x86)\Maven\io\swagger\core\v3\swagger-models\2.1.2\swagger-models-2.1.2.jar;D:\Program Files (x86)\Maven\io\springfox\springfox-spi\3.0.0\springfox-spi-3.0.0.jar;D:\Program Files (x86)\Maven\io\springfox\springfox-schema\3.0.0\springfox-schema-3.0.0.jar;D:\Program Files (x86)\Maven\io\springfox\springfox-core\3.0.0\springfox-core-3.0.0.jar;D:\Program Files (x86)\Maven\io\springfox\springfox-spring-web\3.0.0\springfox-spring-web-3.0.0.jar;D:\Program Files (x86)\Maven\io\github\classgraph\classgraph\4.8.83\classgraph-4.8.83.jar;D:\Program Files (x86)\Maven\io\springfox\springfox-spring-webmvc\3.0.0\springfox-spring-webmvc-3.0.0.jar;D:\Program Files (x86)\Maven\io\springfox\springfox-spring-webflux\3.0.0\springfox-spring-webflux-3.0.0.jar;D:\Program Files (x86)\Maven\io\springfox\springfox-swagger-common\3.0.0\springfox-swagger-common-3.0.0.jar;D:\Program Files (x86)\Maven\org\mapstruct\mapstruct\1.3.1.Final\mapstruct-1.3.1.Final.jar;D:\Program Files (x86)\Maven\io\springfox\springfox-data-rest\3.0.0\springfox-data-rest-3.0.0.jar;D:\Program Files (x86)\Maven\io\springfox\springfox-bean-validators\3.0.0\springfox-bean-validators-3.0.0.jar;D:\Program Files (x86)\Maven\io\springfox\springfox-swagger2\3.0.0\springfox-swagger2-3.0.0.jar;D:\Program Files (x86)\Maven\io\swagger\swagger-annotations\1.5.20\swagger-annotations-1.5.20.jar;D:\Program Files (x86)\Maven\io\swagger\swagger-models\1.5.20\swagger-models-1.5.20.jar;D:\Program Files (x86)\Maven\io\springfox\springfox-swagger-ui\3.0.0\springfox-swagger-ui-3.0.0.jar;D:\Program Files (x86)\Maven\com\fasterxml\classmate\1.5.1\classmate-1.5.1.jar;D:\Program Files (x86)\Maven\org\slf4j\slf4j-api\1.7.30\slf4j-api-1.7.30.jar;D:\Program Files (x86)\Maven\org\springframework\plugin\spring-plugin-core\2.0.0.RELEASE\spring-plugin-core-2.0.0.RELEASE.jar;D:\Program Files (x86)\Maven\org\springframework\plugin\spring-plugin-metadata\2.0.0.RELEASE\spring-plugin-metadata-2.0.0.RELEASE.jar;"/>
    <property name="sun.cpu.endian" value="little"/>
    <property name="user.home" value="C:\Users\顾梦"/>
    <property name="user.language" value="zh"/>
    <property name="java.specification.vendor" value="Oracle Corporation"/>
    <property name="java.home" value="C:\Program Files\Java\jdk1.8.0_131\jre"/>
    <property name="basedir" value="E:\BaiduNetdiskDownload\PetHome"/>
    <property name="file.separator" value="\"/>
    <property name="line.separator" value="&#10;"/>
    <property name="java.vm.specification.vendor" value="Oracle Corporation"/>
    <property name="java.specification.name" value="Java Platform API Specification"/>
    <property name="java.awt.graphicsenv" value="sun.awt.Win32GraphicsEnvironment"/>
    <property name="surefire.real.class.path" value="C:\Users\顾梦\AppData\Local\Temp\surefire5520788107852520654\surefirebooter684252937459290716.jar"/>
    <property name="sun.boot.class.path" value="C:\Program Files\Java\jdk1.8.0_131\jre\lib\resources.jar;C:\Program Files\Java\jdk1.8.0_131\jre\lib\rt.jar;C:\Program Files\Java\jdk1.8.0_131\jre\lib\sunrsasign.jar;C:\Program Files\Java\jdk1.8.0_131\jre\lib\jsse.jar;C:\Program Files\Java\jdk1.8.0_131\jre\lib\jce.jar;C:\Program Files\Java\jdk1.8.0_131\jre\lib\charsets.jar;C:\Program Files\Java\jdk1.8.0_131\jre\lib\jfr.jar;C:\Program Files\Java\jdk1.8.0_131\jre\classes"/>
    <property name="user.script" value=""/>
    <property name="sun.management.compiler" value="HotSpot 64-Bit Tiered Compilers"/>
    <property name="java.runtime.version" value="1.8.0_131-b11"/>
    <property name="user.name" value="顾梦"/>
    <property name="path.separator" value=";"/>
    <property name="os.version" value="10.0"/>
    <property name="java.endorsed.dirs" value="C:\Program Files\Java\jdk1.8.0_131\jre\lib\endorsed"/>
    <property name="java.runtime.name" value="Java(TM) SE Runtime Environment"/>
    <property name="file.encoding" value="GBK"/>
    <property name="java.vm.name" value="Java HotSpot(TM) 64-Bit Server VM"/>
    <property name="idea.version2020.1" value="true"/>
    <property name="localRepository" value="D:\Program Files (x86)\Maven"/>
    <property name="java.vendor.url.bug" value="http://bugreport.sun.com/bugreport/"/>
    <property name="java.io.tmpdir" value="C:\Users\顾梦\AppData\Local\Temp\"/>
    <property name="java.version" value="1.8.0_131"/>
    <property name="user.dir" value="E:\BaiduNetdiskDownload\PetHome"/>
    <property name="os.arch" value="amd64"/>
    <property name="java.vm.specification.name" value="Java Virtual Machine Specification"/>
    <property name="java.awt.printerjob" value="sun.awt.windows.WPrinterJob"/>
    <property name="sun.os.patch.level" value=""/>
    <property name="java.library.path" value="C:\Program Files\Java\jdk1.8.0_131\jre\bin;C:\Windows\Sun\Java\bin;C:\Windows\system32;C:\Windows;C:\ProgramData\Oracle\Java\javapath;C:\Program Files\Microsoft\jdk-11.0.16.101-hotspot\bin;C:\Program Files\PlasticSCM5\server;C:\Program Files\PlasticSCM5\client;C:\Program Files\Microsoft\jdk-11.0.12.7-hotspot\bin;C:\Windows\system32;C:\Windows;C:\Windows\System32\Wbem;C:\Windows\System32\WindowsPowerShell\v1.0\;C:\Windows\System32\OpenSSH\;D:\Program Files\Microsoft SQL Server\Client SDK\ODBC\130\Tools\Binn\;D:\Program Files (x86)\Microsoft SQL Server\140\Tools\Binn\;D:\Program Files\Microsoft SQL Server\140\Tools\Binn\;D:\Program Files\Microsoft SQL Server\140\DTS\Binn\;D:\Program Files (x86)\Microsoft SQL Server\Client SDK\ODBC\130\Tools\Binn\;D:\Program Files (x86)\Microsoft SQL Server\140\DTS\Binn\;D:\Program Files (x86)\Microsoft SQL Server\140\Tools\Binn\ManagementStudio\;D:\Program Files\Microsoft SQL Server\150\Tools\Binn\;D:\Program Files\Microsoft SQL Server\Client SDK\ODBC\170\Tools\Binn\;C:\Program Files\dotnet\;D:\Program Files\Git\cmd;C:\Program Files\MySQL\MySQL Server 8.1\bin;%MAVEN_HOME%\bin;C:\Program Files\nodejs\;C:\Users\顾梦\AppData\Local\Microsoft\WindowsApps;C:\Users\顾梦\.dotnet\tools;D:\Microsoft VS Code\bin;C:\Users\顾梦\AppData\Roaming\npm;."/>
    <property name="java.vm.info" value="mixed mode"/>
    <property name="java.vendor" value="Oracle Corporation"/>
    <property name="java.vm.version" value="25.131-b11"/>
    <property name="java.ext.dirs" value="C:\Program Files\Java\jdk1.8.0_131\jre\lib\ext;C:\Windows\Sun\Java\lib\ext"/>
    <property name="sun.io.unicode.encoding" value="UnicodeLittle"/>
    <property name="maven.repo.local" value="D:\Program Files (x86)\Maven"/>
    <property name="java.class.version" value="52.0"/>
  </properties>
  <testcase name="testDeleteDepartment" classname="org.pethome.mapper.DepartmentMapperTest" time="1.394"/>
  <testcase name="testAddDepartment" classname="org.pethome.mapper.DepartmentMapperTest" time="0.025"/>
  <testcase name="testUpdateDepartment" classname="org.pethome.mapper.DepartmentMapperTest" time="0.025">
    <error message="nested exception is org.apache.ibatis.exceptions.PersistenceException: &#10;### Error querying database.  Cause: java.lang.IllegalArgumentException: Mapped Statements collection does not contain value for org.lqh.home.mapper.DepartmentMapper.findParentDepartment&#10;### The error may exist in org/pethome/mapper/DepartmentMapper.java (best guess)&#10;### The error may involve org.pethome.mapper.DepartmentMapper.find&#10;### The error occurred while handling results&#10;### SQL: select * from t_department where id=?&#10;### Cause: java.lang.IllegalArgumentException: Mapped Statements collection does not contain value for org.lqh.home.mapper.DepartmentMapper.findParentDepartment" type="org.mybatis.spring.MyBatisSystemException">org.mybatis.spring.MyBatisSystemException: 
nested exception is org.apache.ibatis.exceptions.PersistenceException: 
### Error querying database.  Cause: java.lang.IllegalArgumentException: Mapped Statements collection does not contain value for org.lqh.home.mapper.DepartmentMapper.findParentDepartment
### The error may exist in org/pethome/mapper/DepartmentMapper.java (best guess)
### The error may involve org.pethome.mapper.DepartmentMapper.find
### The error occurred while handling results
### SQL: select * from t_department where id=?
### Cause: java.lang.IllegalArgumentException: Mapped Statements collection does not contain value for org.lqh.home.mapper.DepartmentMapper.findParentDepartment
	at org.pethome.mapper.DepartmentMapperTest.testUpdateDepartment(DepartmentMapperTest.java:67)
Caused by: org.apache.ibatis.exceptions.PersistenceException: 

### Error querying database.  Cause: java.lang.IllegalArgumentException: Mapped Statements collection does not contain value for org.lqh.home.mapper.DepartmentMapper.findParentDepartment
### The error may exist in org/pethome/mapper/DepartmentMapper.java (best guess)
### The error may involve org.pethome.mapper.DepartmentMapper.find
### The error occurred while handling results
### SQL: select * from t_department where id=?
### Cause: java.lang.IllegalArgumentException: Mapped Statements collection does not contain value for org.lqh.home.mapper.DepartmentMapper.findParentDepartment
	at org.pethome.mapper.DepartmentMapperTest.testUpdateDepartment(DepartmentMapperTest.java:67)
Caused by: java.lang.IllegalArgumentException: Mapped Statements collection does not contain value for org.lqh.home.mapper.DepartmentMapper.findParentDepartment
	at org.pethome.mapper.DepartmentMapperTest.testUpdateDepartment(DepartmentMapperTest.java:67)
</error>
    <system-out><![CDATA[Creating a new SqlSession
SqlSession [org.apache.ibatis.session.defaults.DefaultSqlSession@2ec85a25] was not registered for synchronization because synchronization is not active
JDBC Connection [HikariProxyConnection@1232461217 wrapping com.mysql.cj.jdbc.ConnectionImpl@53a301f3] will not be managed by Spring
==>  Preparing: select * from t_department where id=? 
==> Parameters: 11(Long)
<==    Columns: id, sn, name, state, manager_id, parent_id
<==        Row: 11, 1002, 新时代企业, 0, 1, null
Closing non transactional SqlSession [org.apache.ibatis.session.defaults.DefaultSqlSession@2ec85a25]
]]></system-out>
  </testcase>
  <testcase name="testAddOtherDepartment" classname="org.pethome.mapper.DepartmentMapperTest" time="0.02"/>
  <testcase name="testSelectAll" classname="org.pethome.mapper.DepartmentMapperTest" time="0.007">
    <error message="nested exception is org.apache.ibatis.exceptions.PersistenceException: &#10;### Error querying database.  Cause: java.lang.IllegalArgumentException: Mapped Statements collection does not contain value for org.lqh.home.mapper.DepartmentMapper.findParentDepartment&#10;### The error may exist in org/pethome/mapper/DepartmentMapper.java (best guess)&#10;### The error may involve org.pethome.mapper.DepartmentMapper.findAll&#10;### The error occurred while handling results&#10;### SQL: select * from t_department&#10;### Cause: java.lang.IllegalArgumentException: Mapped Statements collection does not contain value for org.lqh.home.mapper.DepartmentMapper.findParentDepartment" type="org.mybatis.spring.MyBatisSystemException">org.mybatis.spring.MyBatisSystemException: 
nested exception is org.apache.ibatis.exceptions.PersistenceException: 
### Error querying database.  Cause: java.lang.IllegalArgumentException: Mapped Statements collection does not contain value for org.lqh.home.mapper.DepartmentMapper.findParentDepartment
### The error may exist in org/pethome/mapper/DepartmentMapper.java (best guess)
### The error may involve org.pethome.mapper.DepartmentMapper.findAll
### The error occurred while handling results
### SQL: select * from t_department
### Cause: java.lang.IllegalArgumentException: Mapped Statements collection does not contain value for org.lqh.home.mapper.DepartmentMapper.findParentDepartment
	at org.pethome.mapper.DepartmentMapperTest.testSelectAll(DepartmentMapperTest.java:75)
Caused by: org.apache.ibatis.exceptions.PersistenceException: 

### Error querying database.  Cause: java.lang.IllegalArgumentException: Mapped Statements collection does not contain value for org.lqh.home.mapper.DepartmentMapper.findParentDepartment
### The error may exist in org/pethome/mapper/DepartmentMapper.java (best guess)
### The error may involve org.pethome.mapper.DepartmentMapper.findAll
### The error occurred while handling results
### SQL: select * from t_department
### Cause: java.lang.IllegalArgumentException: Mapped Statements collection does not contain value for org.lqh.home.mapper.DepartmentMapper.findParentDepartment
	at org.pethome.mapper.DepartmentMapperTest.testSelectAll(DepartmentMapperTest.java:75)
Caused by: java.lang.IllegalArgumentException: Mapped Statements collection does not contain value for org.lqh.home.mapper.DepartmentMapper.findParentDepartment
	at org.pethome.mapper.DepartmentMapperTest.testSelectAll(DepartmentMapperTest.java:75)
</error>
    <system-out><![CDATA[Creating a new SqlSession
SqlSession [org.apache.ibatis.session.defaults.DefaultSqlSession@5ac044ef] was not registered for synchronization because synchronization is not active
JDBC Connection [HikariProxyConnection@1794893473 wrapping com.mysql.cj.jdbc.ConnectionImpl@53a301f3] will not be managed by Spring
==>  Preparing: select * from t_department 
==> Parameters: 
<==    Columns: id, sn, name, state, manager_id, parent_id
<==        Row: 10, 101, 创造开发部, 0, null, null
Closing non transactional SqlSession [org.apache.ibatis.session.defaults.DefaultSqlSession@5ac044ef]
]]></system-out>
  </testcase>
  <testcase name="findDepartmentsByPage" classname="org.pethome.mapper.DepartmentMapperTest" time="0.007">
    <error message="nested exception is org.apache.ibatis.exceptions.PersistenceException: &#10;### Error querying database.  Cause: java.lang.IllegalArgumentException: Mapped Statements collection does not contain value for org.lqh.home.mapper.DepartmentMapper.findParentDepartment&#10;### The error may exist in org/pethome/mapper/DepartmentMapper.java (best guess)&#10;### The error may involve org.pethome.mapper.DepartmentMapper.findDepartmentsByPage&#10;### The error occurred while handling results&#10;### SQL: select * from t_department limit ?,?&#10;### Cause: java.lang.IllegalArgumentException: Mapped Statements collection does not contain value for org.lqh.home.mapper.DepartmentMapper.findParentDepartment" type="org.mybatis.spring.MyBatisSystemException">org.mybatis.spring.MyBatisSystemException: 
nested exception is org.apache.ibatis.exceptions.PersistenceException: 
### Error querying database.  Cause: java.lang.IllegalArgumentException: Mapped Statements collection does not contain value for org.lqh.home.mapper.DepartmentMapper.findParentDepartment
### The error may exist in org/pethome/mapper/DepartmentMapper.java (best guess)
### The error may involve org.pethome.mapper.DepartmentMapper.findDepartmentsByPage
### The error occurred while handling results
### SQL: select * from t_department limit ?,?
### Cause: java.lang.IllegalArgumentException: Mapped Statements collection does not contain value for org.lqh.home.mapper.DepartmentMapper.findParentDepartment
	at org.pethome.mapper.DepartmentMapperTest.findDepartmentsByPage(DepartmentMapperTest.java:92)
Caused by: org.apache.ibatis.exceptions.PersistenceException: 

### Error querying database.  Cause: java.lang.IllegalArgumentException: Mapped Statements collection does not contain value for org.lqh.home.mapper.DepartmentMapper.findParentDepartment
### The error may exist in org/pethome/mapper/DepartmentMapper.java (best guess)
### The error may involve org.pethome.mapper.DepartmentMapper.findDepartmentsByPage
### The error occurred while handling results
### SQL: select * from t_department limit ?,?
### Cause: java.lang.IllegalArgumentException: Mapped Statements collection does not contain value for org.lqh.home.mapper.DepartmentMapper.findParentDepartment
	at org.pethome.mapper.DepartmentMapperTest.findDepartmentsByPage(DepartmentMapperTest.java:92)
Caused by: java.lang.IllegalArgumentException: Mapped Statements collection does not contain value for org.lqh.home.mapper.DepartmentMapper.findParentDepartment
	at org.pethome.mapper.DepartmentMapperTest.findDepartmentsByPage(DepartmentMapperTest.java:92)
</error>
    <system-out><![CDATA[Creating a new SqlSession
SqlSession [org.apache.ibatis.session.defaults.DefaultSqlSession@48567727] was not registered for synchronization because synchronization is not active
JDBC Connection [HikariProxyConnection@283747838 wrapping com.mysql.cj.jdbc.ConnectionImpl@53a301f3] will not be managed by Spring
==>  Preparing: select * from t_department limit ?,? 
==> Parameters: 0(Integer), 2(Integer)
<==    Columns: id, sn, name, state, manager_id, parent_id
<==        Row: 10, 101, 创造开发部, 0, null, null
Closing non transactional SqlSession [org.apache.ibatis.session.defaults.DefaultSqlSession@48567727]
]]></system-out>
  </testcase>
  <testcase name="testFindCount" classname="org.pethome.mapper.DepartmentMapperTest" time="0.017"/>
  <testcase name="testSelect" classname="org.pethome.mapper.DepartmentMapperTest" time="0.005">
    <error message="nested exception is org.apache.ibatis.exceptions.PersistenceException: &#10;### Error querying database.  Cause: java.lang.IllegalArgumentException: Mapped Statements collection does not contain value for org.lqh.home.mapper.DepartmentMapper.findParentDepartment&#10;### The error may exist in org/pethome/mapper/DepartmentMapper.java (best guess)&#10;### The error may involve org.pethome.mapper.DepartmentMapper.find&#10;### The error occurred while handling results&#10;### SQL: select * from t_department where id=?&#10;### Cause: java.lang.IllegalArgumentException: Mapped Statements collection does not contain value for org.lqh.home.mapper.DepartmentMapper.findParentDepartment" type="org.mybatis.spring.MyBatisSystemException">org.mybatis.spring.MyBatisSystemException: 
nested exception is org.apache.ibatis.exceptions.PersistenceException: 
### Error querying database.  Cause: java.lang.IllegalArgumentException: Mapped Statements collection does not contain value for org.lqh.home.mapper.DepartmentMapper.findParentDepartment
### The error may exist in org/pethome/mapper/DepartmentMapper.java (best guess)
### The error may involve org.pethome.mapper.DepartmentMapper.find
### The error occurred while handling results
### SQL: select * from t_department where id=?
### Cause: java.lang.IllegalArgumentException: Mapped Statements collection does not contain value for org.lqh.home.mapper.DepartmentMapper.findParentDepartment
	at org.pethome.mapper.DepartmentMapperTest.testSelect(DepartmentMapperTest.java:61)
Caused by: org.apache.ibatis.exceptions.PersistenceException: 

### Error querying database.  Cause: java.lang.IllegalArgumentException: Mapped Statements collection does not contain value for org.lqh.home.mapper.DepartmentMapper.findParentDepartment
### The error may exist in org/pethome/mapper/DepartmentMapper.java (best guess)
### The error may involve org.pethome.mapper.DepartmentMapper.find
### The error occurred while handling results
### SQL: select * from t_department where id=?
### Cause: java.lang.IllegalArgumentException: Mapped Statements collection does not contain value for org.lqh.home.mapper.DepartmentMapper.findParentDepartment
	at org.pethome.mapper.DepartmentMapperTest.testSelect(DepartmentMapperTest.java:61)
Caused by: java.lang.IllegalArgumentException: Mapped Statements collection does not contain value for org.lqh.home.mapper.DepartmentMapper.findParentDepartment
	at org.pethome.mapper.DepartmentMapperTest.testSelect(DepartmentMapperTest.java:61)
</error>
    <system-out><![CDATA[Creating a new SqlSession
SqlSession [org.apache.ibatis.session.defaults.DefaultSqlSession@105db94d] was not registered for synchronization because synchronization is not active
JDBC Connection [HikariProxyConnection@496627227 wrapping com.mysql.cj.jdbc.ConnectionImpl@53a301f3] will not be managed by Spring
==>  Preparing: select * from t_department where id=? 
==> Parameters: 12(Long)
<==    Columns: id, sn, name, state, manager_id, parent_id
<==        Row: 12, 004, 开发1部门, 0, null, 11
Closing non transactional SqlSession [org.apache.ibatis.session.defaults.DefaultSqlSession@105db94d]
]]></system-out>
  </testcase>
</testsuite>